[26-Jan-2024 22:02:04 America/Argentina/Buenos_Aires] PHP Warning:  Unknown: Failed to open stream: No such file or directory in Unknown on line 0
[26-Jan-2024 22:02:04 America/Argentina/Buenos_Aires] PHP Fatal error:  Failed opening required '/home/l0020428/public_html/65b456041e1ff/65b456041e2f4.php' (include_path='.:/usr/local/lsws/lsphp82/share/pear:/usr/local/lsws/lsphp82/share/php:/usr/share/pear:/usr/share/php') in Unknown on line 0
[29-Jan-2024 11:13:12 America/Argentina/Buenos_Aires] PHP Warning:  require(/home/l0020428/public_html/web/public/../vendor/autoload.php): Failed to open stream: No such file or directory in /home/l0020428/public_html/web/public/index.php on line 34
[29-Jan-2024 11:13:12 America/Argentina/Buenos_Aires] PHP Fatal error:  Uncaught Error: Failed opening required '/home/l0020428/public_html/web/public/../vendor/autoload.php' (include_path='.:/usr/local/lsws/lsphp82/share/pear:/usr/local/lsws/lsphp82/share/php:/usr/share/pear:/usr/share/php') in /home/l0020428/public_html/web/public/index.php:34
Stack trace:
#0 {main}
  thrown in /home/l0020428/public_html/web/public/index.php on line 34
[29-Jan-2024 11:13:21 America/Argentina/Buenos_Aires] PHP Warning:  require(/home/l0020428/public_html/web/public/../vendor/autoload.php): Failed to open stream: No such file or directory in /home/l0020428/public_html/web/public/index.php on line 34
[29-Jan-2024 11:13:21 America/Argentina/Buenos_Aires] PHP Fatal error:  Uncaught Error: Failed opening required '/home/l0020428/public_html/web/public/../vendor/autoload.php' (include_path='.:/usr/local/lsws/lsphp82/share/pear:/usr/local/lsws/lsphp82/share/php:/usr/share/pear:/usr/share/php') in /home/l0020428/public_html/web/public/index.php:34
Stack trace:
#0 {main}
  thrown in /home/l0020428/public_html/web/public/index.php on line 34
[29-Jan-2024 11:13:35 America/Argentina/Buenos_Aires] PHP Warning:  require(/home/l0020428/public_html/web/public/../vendor/autoload.php): Failed to open stream: No such file or directory in /home/l0020428/public_html/web/public/index.php on line 34
[29-Jan-2024 11:13:35 America/Argentina/Buenos_Aires] PHP Fatal error:  Uncaught Error: Failed opening required '/home/l0020428/public_html/web/public/../vendor/autoload.php' (include_path='.:/usr/local/lsws/lsphp82/share/pear:/usr/local/lsws/lsphp82/share/php:/usr/share/pear:/usr/share/php') in /home/l0020428/public_html/web/public/index.php:34
Stack trace:
#0 {main}
  thrown in /home/l0020428/public_html/web/public/index.php on line 34
[29-Jan-2024 11:14:18 America/Argentina/Buenos_Aires] PHP Fatal error:  Uncaught Error: Call to undefined function resource_path() in /home/l0020428/public_html/web/config/view.php:17
Stack trace:
#0 {main}
  thrown in /home/l0020428/public_html/web/config/view.php on line 17
[29-Jan-2024 11:14:49 America/Argentina/Buenos_Aires] PHP Fatal error:  Uncaught Error: Class "Illuminate\Support\Facades\Route" not found in /home/l0020428/public_html/web/routes/web.php:21
Stack trace:
#0 {main}
  thrown in /home/l0020428/public_html/web/routes/web.php on line 21
[30-Jan-2024 11:22:31 America/Argentina/Buenos_Aires] PHP Fatal error:  Uncaught Error: Class "Illuminate\Foundation\Application" not found in /home/l0020428/public_html/web/bootstrap/app.php:14
Stack trace:
#0 {main}
  thrown in /home/l0020428/public_html/web/bootstrap/app.php on line 14
[30-Jan-2024 11:52:02 America/Argentina/Buenos_Aires] PHP Fatal error:  Uncaught Error: Class "Illuminate\Foundation\Application" not found in /home/l0020428/public_html/web/bootstrap/app.php:14
Stack trace:
#0 {main}
  thrown in /home/l0020428/public_html/web/bootstrap/app.php on line 14
[30-Jan-2024 12:09:20 America/Argentina/Buenos_Aires] PHP Fatal error:  Uncaught Error: Class "Illuminate\Foundation\Application" not found in /home/l0020428/public_html/web/bootstrap/app.php:14
Stack trace:
#0 {main}
  thrown in /home/l0020428/public_html/web/bootstrap/app.php on line 14
[30-Jan-2024 13:29:11 America/Argentina/Buenos_Aires] PHP Fatal error:  Uncaught Error: Class "Illuminate\Foundation\Application" not found in /home/l0020428/public_html/web/bootstrap/app.php:14
Stack trace:
#0 {main}
  thrown in /home/l0020428/public_html/web/bootstrap/app.php on line 14
[30-Jan-2024 13:31:05 America/Argentina/Buenos_Aires] PHP Warning:  require(/home/l0020428/public_html/web/public/../vendor/autoload.php): Failed to open stream: No such file or directory in /home/l0020428/public_html/web/public/index.php on line 34
[30-Jan-2024 13:31:05 America/Argentina/Buenos_Aires] PHP Fatal error:  Uncaught Error: Failed opening required '/home/l0020428/public_html/web/public/../vendor/autoload.php' (include_path='.:/usr/local/lsws/lsphp82/share/pear:/usr/local/lsws/lsphp82/share/php:/usr/share/pear:/usr/share/php') in /home/l0020428/public_html/web/public/index.php:34
Stack trace:
#0 {main}
  thrown in /home/l0020428/public_html/web/public/index.php on line 34
[30-Jan-2024 13:33:46 America/Argentina/Buenos_Aires] PHP Warning:  require(/home/l0020428/public_html/web/public/../vendor/autoload.php): Failed to open stream: No such file or directory in /home/l0020428/public_html/web/public/index.php on line 34
[30-Jan-2024 13:33:46 America/Argentina/Buenos_Aires] PHP Fatal error:  Uncaught Error: Failed opening required '/home/l0020428/public_html/web/public/../vendor/autoload.php' (include_path='.:/usr/local/lsws/lsphp82/share/pear:/usr/local/lsws/lsphp82/share/php:/usr/share/pear:/usr/share/php') in /home/l0020428/public_html/web/public/index.php:34
Stack trace:
#0 {main}
  thrown in /home/l0020428/public_html/web/public/index.php on line 34
[30-Jan-2024 13:34:00 America/Argentina/Buenos_Aires] PHP Warning:  require(/home/l0020428/public_html/web/public/../vendor/autoload.php): Failed to open stream: No such file or directory in /home/l0020428/public_html/web/public/index.php on line 34
[30-Jan-2024 13:34:00 America/Argentina/Buenos_Aires] PHP Fatal error:  Uncaught Error: Failed opening required '/home/l0020428/public_html/web/public/../vendor/autoload.php' (include_path='.:/usr/local/lsws/lsphp82/share/pear:/usr/local/lsws/lsphp82/share/php:/usr/share/pear:/usr/share/php') in /home/l0020428/public_html/web/public/index.php:34
Stack trace:
#0 {main}
  thrown in /home/l0020428/public_html/web/public/index.php on line 34
[30-Jan-2024 13:34:51 America/Argentina/Buenos_Aires] PHP Warning:  require(/home/l0020428/public_html/web/public/../vendor/autoload.php): Failed to open stream: No such file or directory in /home/l0020428/public_html/web/public/index.php on line 34
[30-Jan-2024 13:34:51 America/Argentina/Buenos_Aires] PHP Fatal error:  Uncaught Error: Failed opening required '/home/l0020428/public_html/web/public/../vendor/autoload.php' (include_path='.:/usr/local/lsws/lsphp82/share/pear:/usr/local/lsws/lsphp82/share/php:/usr/share/pear:/usr/share/php') in /home/l0020428/public_html/web/public/index.php:34
Stack trace:
#0 {main}
  thrown in /home/l0020428/public_html/web/public/index.php on line 34
[30-Jan-2024 13:35:08 America/Argentina/Buenos_Aires] PHP Warning:  require(/home/l0020428/public_html/web/public/../vendor/autoload.php): Failed to open stream: No such file or directory in /home/l0020428/public_html/web/public/index.php on line 34
[30-Jan-2024 13:35:08 America/Argentina/Buenos_Aires] PHP Fatal error:  Uncaught Error: Failed opening required '/home/l0020428/public_html/web/public/../vendor/autoload.php' (include_path='.:/usr/local/lsws/lsphp82/share/pear:/usr/local/lsws/lsphp82/share/php:/usr/share/pear:/usr/share/php') in /home/l0020428/public_html/web/public/index.php:34
Stack trace:
#0 {main}
  thrown in /home/l0020428/public_html/web/public/index.php on line 34
[30-Jan-2024 22:07:35 America/Argentina/Buenos_Aires] PHP Warning:  require(/home/l0020428/public_html/web/public/../vendor/autoload.php): Failed to open stream: No such file or directory in /home/l0020428/public_html/web/public/index.php on line 34
[30-Jan-2024 22:07:35 America/Argentina/Buenos_Aires] PHP Fatal error:  Uncaught Error: Failed opening required '/home/l0020428/public_html/web/public/../vendor/autoload.php' (include_path='.:/usr/local/lsws/lsphp82/share/pear:/usr/local/lsws/lsphp82/share/php:/usr/share/pear:/usr/share/php') in /home/l0020428/public_html/web/public/index.php:34
Stack trace:
#0 {main}
  thrown in /home/l0020428/public_html/web/public/index.php on line 34
[02-Feb-2024 10:25:19 America/Argentina/Buenos_Aires] PHP Fatal error:  Uncaught Error: Call to undefined function proc_open() in /home/l0020428/public_html/web/vendor/sebastian/version/src/Version.php:66
Stack trace:
#0 /home/l0020428/public_html/web/vendor/sebastian/version/src/Version.php(45): SebastianBergmann\Version->getGitInformation()
#1 /home/l0020428/public_html/web/vendor/sebastian/version/src/Version.php(29): SebastianBergmann\Version->generate()
#2 /home/l0020428/public_html/web/vendor/phpunit/phpunit/src/Runner/Version.php(37): SebastianBergmann\Version->__construct()
#3 /home/l0020428/public_html/web/vendor/phpunit/phpunit/src/Runner/Version.php(45): PHPUnit\Runner\Version::id()
#4 /home/l0020428/public_html/web/vendor/nunomaduro/collision/src/Adapters/Phpunit/Autoload.php(10): PHPUnit\Runner\Version::series()
#5 /home/l0020428/public_html/web/vendor/composer/autoload_real.php(41): require('...')
#6 /home/l0020428/public_html/web/vendor/composer/autoload_real.php(45): {closure}()
#7 /home/l0020428/public_html/web/vendor/autoload.php(25): ComposerAutoloaderInit9c491b8531eec05ba41a11d9276a5749::getLoader()
#8 /home/l0020428/public_html/web/public/index.php(34): require('...')
#9 {main}
  thrown in /home/l0020428/public_html/web/vendor/sebastian/version/src/Version.php on line 66
[02-Feb-2024 10:26:03 America/Argentina/Buenos_Aires] PHP Warning:  require(/home/l0020428/public_html/web/public/../web/vendor/autoload.php): Failed to open stream: No such file or directory in /home/l0020428/public_html/web/public/index.php on line 34
[02-Feb-2024 10:26:03 America/Argentina/Buenos_Aires] PHP Fatal error:  Uncaught Error: Failed opening required '/home/l0020428/public_html/web/public/../web/vendor/autoload.php' (include_path='.:/usr/local/lsws/lsphp82/share/pear:/usr/local/lsws/lsphp82/share/php:/usr/share/pear:/usr/share/php') in /home/l0020428/public_html/web/public/index.php:34
Stack trace:
#0 {main}
  thrown in /home/l0020428/public_html/web/public/index.php on line 34
[02-Feb-2024 10:29:32 America/Argentina/Buenos_Aires] PHP Warning:  require(/home/l0020428/public_html/web/public/../web/vendor/autoload.php): Failed to open stream: No such file or directory in /home/l0020428/public_html/web/public/index.php on line 34
[02-Feb-2024 10:29:32 America/Argentina/Buenos_Aires] PHP Fatal error:  Uncaught Error: Failed opening required '/home/l0020428/public_html/web/public/../web/vendor/autoload.php' (include_path='.:/usr/local/lsws/lsphp82/share/pear:/usr/local/lsws/lsphp82/share/php:/usr/share/pear:/usr/share/php') in /home/l0020428/public_html/web/public/index.php:34
Stack trace:
#0 {main}
  thrown in /home/l0020428/public_html/web/public/index.php on line 34
[02-Feb-2024 10:30:03 America/Argentina/Buenos_Aires] PHP Warning:  require(/home/l0020428/public_html/web/public/../web/vendor/autoload.php): Failed to open stream: No such file or directory in /home/l0020428/public_html/web/public/index.php on line 34
[02-Feb-2024 10:30:03 America/Argentina/Buenos_Aires] PHP Fatal error:  Uncaught Error: Failed opening required '/home/l0020428/public_html/web/public/../web/vendor/autoload.php' (include_path='.:/usr/local/lsws/lsphp82/share/pear:/usr/local/lsws/lsphp82/share/php:/usr/share/pear:/usr/share/php') in /home/l0020428/public_html/web/public/index.php:34
Stack trace:
#0 {main}
  thrown in /home/l0020428/public_html/web/public/index.php on line 34
[02-Feb-2024 10:33:15 America/Argentina/Buenos_Aires] PHP Warning:  require(/home/l0020428/public_html/web/public/../web/vendor/autoload.php): Failed to open stream: No such file or directory in /home/l0020428/public_html/web/public/index.php on line 34
[02-Feb-2024 10:33:15 America/Argentina/Buenos_Aires] PHP Fatal error:  Uncaught Error: Failed opening required '/home/l0020428/public_html/web/public/../web/vendor/autoload.php' (include_path='.:/usr/local/lsws/lsphp82/share/pear:/usr/local/lsws/lsphp82/share/php:/usr/share/pear:/usr/share/php') in /home/l0020428/public_html/web/public/index.php:34
Stack trace:
#0 {main}
  thrown in /home/l0020428/public_html/web/public/index.php on line 34
[02-Feb-2024 10:33:41 America/Argentina/Buenos_Aires] PHP Warning:  require(/home/l0020428/public_html/web/public/../web/vendor/autoload.php): Failed to open stream: No such file or directory in /home/l0020428/public_html/web/public/index.php on line 34
[02-Feb-2024 10:33:41 America/Argentina/Buenos_Aires] PHP Fatal error:  Uncaught Error: Failed opening required '/home/l0020428/public_html/web/public/../web/vendor/autoload.php' (include_path='.:/usr/local/lsws/lsphp82/share/pear:/usr/local/lsws/lsphp82/share/php:/usr/share/pear:/usr/share/php') in /home/l0020428/public_html/web/public/index.php:34
Stack trace:
#0 {main}
  thrown in /home/l0020428/public_html/web/public/index.php on line 34
[02-Feb-2024 10:36:47 America/Argentina/Buenos_Aires] PHP Warning:  require(/home/l0020428/public_html/web/public/../web/vendor/autoload.php): Failed to open stream: No such file or directory in /home/l0020428/public_html/web/public/index.php on line 34
[02-Feb-2024 10:36:47 America/Argentina/Buenos_Aires] PHP Fatal error:  Uncaught Error: Failed opening required '/home/l0020428/public_html/web/public/../web/vendor/autoload.php' (include_path='.:/usr/local/lsws/lsphp82/share/pear:/usr/local/lsws/lsphp82/share/php:/usr/share/pear:/usr/share/php') in /home/l0020428/public_html/web/public/index.php:34
Stack trace:
#0 {main}
  thrown in /home/l0020428/public_html/web/public/index.php on line 34
[02-Feb-2024 10:44:00 America/Argentina/Buenos_Aires] PHP Warning:  require(/home/l0020428/public_html/web/public/../web/vendor/autoload.php): Failed to open stream: No such file or directory in /home/l0020428/public_html/web/public/index.php on line 34
[02-Feb-2024 10:44:00 America/Argentina/Buenos_Aires] PHP Fatal error:  Uncaught Error: Failed opening required '/home/l0020428/public_html/web/public/../web/vendor/autoload.php' (include_path='.:/usr/local/lsws/lsphp82/share/pear:/usr/local/lsws/lsphp82/share/php:/usr/share/pear:/usr/share/php') in /home/l0020428/public_html/web/public/index.php:34
Stack trace:
#0 {main}
  thrown in /home/l0020428/public_html/web/public/index.php on line 34
[02-Feb-2024 10:45:00 America/Argentina/Buenos_Aires] PHP Warning:  require(/home/l0020428/public_html/web/public/../web/vendor/autoload.php): Failed to open stream: No such file or directory in /home/l0020428/public_html/web/public/index.php on line 34
[02-Feb-2024 10:45:00 America/Argentina/Buenos_Aires] PHP Fatal error:  Uncaught Error: Failed opening required '/home/l0020428/public_html/web/public/../web/vendor/autoload.php' (include_path='.:/usr/local/lsws/lsphp82/share/pear:/usr/local/lsws/lsphp82/share/php:/usr/share/pear:/usr/share/php') in /home/l0020428/public_html/web/public/index.php:34
Stack trace:
#0 {main}
  thrown in /home/l0020428/public_html/web/public/index.php on line 34
[02-Feb-2024 10:45:22 America/Argentina/Buenos_Aires] PHP Fatal error:  Uncaught Error: Call to undefined function proc_open() in /home/l0020428/public_html/web/vendor/sebastian/version/src/Version.php:66
Stack trace:
#0 /home/l0020428/public_html/web/vendor/sebastian/version/src/Version.php(45): SebastianBergmann\Version->getGitInformation()
#1 /home/l0020428/public_html/web/vendor/sebastian/version/src/Version.php(29): SebastianBergmann\Version->generate()
#2 /home/l0020428/public_html/web/vendor/phpunit/phpunit/src/Runner/Version.php(37): SebastianBergmann\Version->__construct()
#3 /home/l0020428/public_html/web/vendor/phpunit/phpunit/src/Runner/Version.php(45): PHPUnit\Runner\Version::id()
#4 /home/l0020428/public_html/web/vendor/nunomaduro/collision/src/Adapters/Phpunit/Autoload.php(10): PHPUnit\Runner\Version::series()
#5 /home/l0020428/public_html/web/vendor/composer/autoload_real.php(41): require('...')
#6 /home/l0020428/public_html/web/vendor/composer/autoload_real.php(45): {closure}()
#7 /home/l0020428/public_html/web/vendor/autoload.php(25): ComposerAutoloaderInit9c491b8531eec05ba41a11d9276a5749::getLoader()
#8 /home/l0020428/public_html/web/public/index.php(34): require('...')
#9 {main}
  thrown in /home/l0020428/public_html/web/vendor/sebastian/version/src/Version.php on line 66
